# JRE version: Java(TM) SE Runtime Environment (17.0.12+8) (build 17.0.12+8-LTS-286)
# Java VM: Java HotSpot(TM) 64-Bit Server VM (17.0.12+8-LTS-286, mixed mode, sharing, tiered, compressed oops, compressed class ptrs, g1 gc, windows-amd64)
GC Precious Log:
 CPUs: 8 total, 8 available
 Memory: 7900M
 Large Page Support: Disabled
 NUMA Support: Disabled
 Compressed Oops: Enabled (32-bit)
 Heap Region Size: 1M
 Heap Min Capacity: 256M
 Heap Initial Capacity: 256M
 Heap Max Capacity: 512M
 Pre-touch: Disabled
 Parallel Workers: 8
 Concurrent Workers: 2
 Concurrent Refinement Workers: 8
 Periodic GC: Disabled
Heap:
 garbage-first heap   total 262144K, used 98477K [0x00000000e0000000, 0x0000000100000000)
  region size 1024K, 34 young (34816K), 20 survivors (20480K)
 Metaspace       used 77464K, committed 78144K, reserved 458752K
  class space    used 10183K, committed 10496K, reserved 327680K
GC Heap History (20 events):
Event: 10.861 GC heap before
{Heap before GC invocations=7 (full 0):
 garbage-first heap   total 262144K, used 35061K [0x00000000e0000000, 0x0000000100000000)
  region size 1024K, 5 young (5120K), 2 survivors (2048K)
 Metaspace       used 35855K, committed 36288K, reserved 393216K
  class space    used 5084K, committed 5248K, reserved 327680K
}
Event: 10.862 GC heap after
{Heap after GC invocations=8 (full 0):
 garbage-first heap   total 262144K, used 31588K [0x00000000e0000000, 0x0000000100000000)
  region size 1024K, 1 young (1024K), 1 survivors (1024K)
 Metaspace       used 35855K, committed 36288K, reserved 393216K
  class space    used 5084K, committed 5248K, reserved 327680K
}
Event: 22.959 GC heap before
{Heap before GC invocations=9 (full 0):
 garbage-first heap   total 262144K, used 194404K [0x00000000e0000000, 0x0000000100000000)
  region size 1024K, 153 young (156672K), 1 survivors (1024K)
 Metaspace       used 54686K, committed 55296K, reserved 393216K
  class space    used 7369K, committed 7680K, reserved 327680K
}
Event: 22.978 GC heap after
{Heap after GC invocations=10 (full 0):
 garbage-first heap   total 262144K, used 39394K [0x00000000e0000000, 0x0000000100000000)
  region size 1024K, 9 young (9216K), 9 survivors (9216K)
 Metaspace       used 54686K, committed 55296K, reserved 393216K
  class space    used 7369K, committed 7680K, reserved 327680K
}
Event: 23.402 GC heap before
{Heap before GC invocations=10 (full 0):
 garbage-first heap   total 262144K, used 42466K [0x00000000e0000000, 0x0000000100000000)
  region size 1024K, 12 young (12288K), 9 survivors (9216K)
 Metaspace       used 54820K, committed 55360K, reserved 393216K
  class space    used 7381K, committed 7680K, reserved 327680K
}
Event: 23.418 GC heap after
{Heap after GC invocations=11 (full 0):
 garbage-first heap   total 262144K, used 40078K [0x00000000e0000000, 0x0000000100000000)
  region size 1024K, 2 young (2048K), 2 survivors (2048K)
 Metaspace       used 54820K, committed 55360K, reserved 393216K
  class space    used 7381K, committed 7680K, reserved 327680K
}
Event: 26.700 GC heap before
{Heap before GC invocations=11 (full 0):
 garbage-first heap   total 262144K, used 127118K [0x00000000e0000000, 0x0000000100000000)
  region size 1024K, 88 young (90112K), 2 survivors (2048K)
 Metaspace       used 60235K, committed 60736K, reserved 393216K
  class space    used 8227K, committed 8448K, reserved 327680K
}
Event: 26.712 GC heap after
{Heap after GC invocations=12 (full 0):
 garbage-first heap   total 262144K, used 46532K [0x00000000e0000000, 0x0000000100000000)
  region size 1024K, 8 young (8192K), 8 survivors (8192K)
 Metaspace       used 60235K, committed 60736K, reserved 393216K
  class space    used 8227K, committed 8448K, reserved 327680K
}
Event: 35.866 GC heap before
{Heap before GC invocations=13 (full 0):
 garbage-first heap   total 262144K, used 195012K [0x00000000e0000000, 0x0000000100000000)
  region size 1024K, 153 young (156672K), 8 survivors (8192K)
 Metaspace       used 63178K, committed 63808K, reserved 393216K
  class space    used 8514K, committed 8768K, reserved 327680K
}
Event: 35.883 GC heap after
{Heap after GC invocations=14 (full 0):
 garbage-first heap   total 262144K, used 50920K [0x00000000e0000000, 0x0000000100000000)
  region size 1024K, 12 young (12288K), 12 survivors (12288K)
 Metaspace       used 63178K, committed 63808K, reserved 393216K
  class space    used 8514K, committed 8768K, reserved 327680K
}
Event: 40.567 GC heap before
{Heap before GC invocations=14 (full 0):
 garbage-first heap   total 262144K, used 194280K [0x00000000e0000000, 0x0000000100000000)
  region size 1024K, 153 young (156672K), 12 survivors (12288K)
 Metaspace       used 63699K, committed 64256K, reserved 393216K
  class space    used 8526K, committed 8768K, reserved 327680K
}
Event: 40.583 GC heap after
{Heap after GC invocations=15 (full 0):
 garbage-first heap   total 262144K, used 52829K [0x00000000e0000000, 0x0000000100000000)
  region size 1024K, 7 young (7168K), 7 survivors (7168K)
 Metaspace       used 63699K, committed 64256K, reserved 393216K
  class space    used 8526K, committed 8768K, reserved 327680K
}
Event: 47.168 GC heap before
{Heap before GC invocations=15 (full 0):
 garbage-first heap   total 262144K, used 201309K [0x00000000e0000000, 0x0000000100000000)
  region size 1024K, 153 young (156672K), 7 survivors (7168K)
 Metaspace       used 64267K, committed 64768K, reserved 393216K
  class space    used 8539K, committed 8768K, reserved 327680K
}
Event: 47.184 GC heap after
{Heap after GC invocations=16 (full 0):
 garbage-first heap   total 262144K, used 58224K [0x00000000e0000000, 0x0000000100000000)
  region size 1024K, 13 young (13312K), 13 survivors (13312K)
 Metaspace       used 64267K, committed 64768K, reserved 393216K
  class space    used 8539K, committed 8768K, reserved 327680K
}
Event: 54.092 GC heap before
{Heap before GC invocations=16 (full 0):
 garbage-first heap   total 262144K, used 201584K [0x00000000e0000000, 0x0000000100000000)
  region size 1024K, 153 young (156672K), 13 survivors (13312K)
 Metaspace       used 64982K, committed 65600K, reserved 393216K
  class space    used 8563K, committed 8832K, reserved 327680K
}
Event: 54.112 GC heap after
{Heap after GC invocations=17 (full 0):
 garbage-first heap   total 262144K, used 60371K [0x00000000e0000000, 0x0000000100000000)
  region size 1024K, 11 young (11264K), 11 survivors (11264K)
 Metaspace       used 64982K, committed 65600K, reserved 393216K
  class space    used 8563K, committed 8832K, reserved 327680K
}
Event: 61.847 GC heap before
{Heap before GC invocations=17 (full 0):
 garbage-first heap   total 262144K, used 205779K [0x00000000e0000000, 0x0000000100000000)
  region size 1024K, 153 young (156672K), 11 survivors (11264K)
 Metaspace       used 67250K, committed 67840K, reserved 393216K
  class space    used 8846K, committed 9152K, reserved 327680K
}
Event: 61.857 GC heap after
{Heap after GC invocations=18 (full 0):
 garbage-first heap   total 262144K, used 62387K [0x00000000e0000000, 0x0000000100000000)
  region size 1024K, 13 young (13312K), 13 survivors (13312K)
 Metaspace       used 67250K, committed 67840K, reserved 393216K
  class space    used 8846K, committed 9152K, reserved 327680K
}
Event: 69.037 GC heap before
{Heap before GC invocations=18 (full 0):
 garbage-first heap   total 262144K, used 207795K [0x00000000e0000000, 0x0000000100000000)
  region size 1024K, 153 young (156672K), 13 survivors (13312K)
 Metaspace       used 76803K, committed 77440K, reserved 458752K
  class space    used 10136K, committed 10432K, reserved 327680K
}
Event: 69.058 GC heap after
{Heap after GC invocations=19 (full 0):
 garbage-first heap   total 262144K, used 85165K [0x00000000e0000000, 0x0000000100000000)
  region size 1024K, 20 young (20480K), 20 survivors (20480K)
 Metaspace       used 76803K, committed 77440K, reserved 458752K
  class space    used 10136K, committed 10432K, reserved 327680K
}

