# JRE version: Java(TM) SE Runtime Environment (17.0.12+8) (build 17.0.12+8-LTS-286)
# Java VM: Java HotSpot(TM) 64-Bit Server VM (17.0.12+8-LTS-286, mixed mode, sharing, tiered, compressed oops, compressed class ptrs, g1 gc, windows-amd64)
GC Precious Log:
 CPUs: 8 total, 8 available
 Memory: 7900M
 Large Page Support: Disabled
 NUMA Support: Disabled
 Compressed Oops: Enabled (32-bit)
 Heap Region Size: 1M
 Heap Min Capacity: 8M
 Heap Initial Capacity: 124M
 Heap Max Capacity: 1976M
 Pre-touch: Disabled
 Parallel Workers: 8
 Concurrent Workers: 2
 Concurrent Refinement Workers: 8
 Periodic GC: Disabled
Heap:
 garbage-first heap   total 318464K, used 114394K [0x0000000084800000, 0x0000000100000000)
  region size 1024K, 18 young (18432K), 3 survivors (3072K)
 Metaspace       used 75837K, committed 76416K, reserved 1179648K
  class space    used 10059K, committed 10304K, reserved 1048576K
GC Heap History (20 events):
Event: 22.942 GC heap before
{Heap before GC invocations=21 (full 0):
 garbage-first heap   total 65536K, used 41396K [0x0000000084800000, 0x0000000100000000)
  region size 1024K, 9 young (9216K), 3 survivors (3072K)
 Metaspace       used 66686K, committed 67200K, reserved 1114112K
  class space    used 8870K, committed 9088K, reserved 1048576K
}
Event: 22.950 GC heap after
{Heap after GC invocations=22 (full 0):
 garbage-first heap   total 65536K, used 38178K [0x0000000084800000, 0x0000000100000000)
  region size 1024K, 2 young (2048K), 2 survivors (2048K)
 Metaspace       used 66686K, committed 67200K, reserved 1114112K
  class space    used 8870K, committed 9088K, reserved 1048576K
}
Event: 23.064 GC heap before
{Heap before GC invocations=22 (full 0):
 garbage-first heap   total 80896K, used 51490K [0x0000000084800000, 0x0000000100000000)
  region size 1024K, 14 young (14336K), 2 survivors (2048K)
 Metaspace       used 66691K, committed 67200K, reserved 1114112K
  class space    used 8870K, committed 9088K, reserved 1048576K
}
Event: 23.074 GC heap after
{Heap after GC invocations=23 (full 0):
 garbage-first heap   total 80896K, used 42836K [0x0000000084800000, 0x0000000100000000)
  region size 1024K, 2 young (2048K), 2 survivors (2048K)
 Metaspace       used 66691K, committed 67200K, reserved 1114112K
  class space    used 8870K, committed 9088K, reserved 1048576K
}
Event: 23.081 GC heap before
{Heap before GC invocations=24 (full 0):
 garbage-first heap   total 80896K, used 42836K [0x0000000084800000, 0x0000000100000000)
  region size 1024K, 3 young (3072K), 2 survivors (2048K)
 Metaspace       used 66691K, committed 67200K, reserved 1114112K
  class space    used 8870K, committed 9088K, reserved 1048576K
}
Event: 23.088 GC heap after
{Heap after GC invocations=25 (full 0):
 garbage-first heap   total 80896K, used 43510K [0x0000000084800000, 0x0000000100000000)
  region size 1024K, 1 young (1024K), 1 survivors (1024K)
 Metaspace       used 66691K, committed 67200K, reserved 1114112K
  class space    used 8870K, committed 9088K, reserved 1048576K
}
Event: 23.321 GC heap before
{Heap before GC invocations=26 (full 0):
 garbage-first heap   total 89088K, used 63990K [0x0000000084800000, 0x0000000100000000)
  region size 1024K, 17 young (17408K), 1 survivors (1024K)
 Metaspace       used 66804K, committed 67264K, reserved 1114112K
  class space    used 8885K, committed 9088K, reserved 1048576K
}
Event: 23.342 GC heap after
{Heap after GC invocations=27 (full 0):
 garbage-first heap   total 89088K, used 59392K [0x0000000084800000, 0x0000000100000000)
  region size 1024K, 3 young (3072K), 3 survivors (3072K)
 Metaspace       used 66804K, committed 67264K, reserved 1114112K
  class space    used 8885K, committed 9088K, reserved 1048576K
}
Event: 23.396 GC heap before
{Heap before GC invocations=27 (full 0):
 garbage-first heap   total 89088K, used 66560K [0x0000000084800000, 0x0000000100000000)
  region size 1024K, 11 young (11264K), 3 survivors (3072K)
 Metaspace       used 66804K, committed 67264K, reserved 1114112K
  class space    used 8885K, committed 9088K, reserved 1048576K
}
Event: 23.412 GC heap after
{Heap after GC invocations=28 (full 0):
 garbage-first heap   total 178176K, used 62175K [0x0000000084800000, 0x0000000100000000)
  region size 1024K, 2 young (2048K), 2 survivors (2048K)
 Metaspace       used 66804K, committed 67264K, reserved 1114112K
  class space    used 8885K, committed 9088K, reserved 1048576K
}
Event: 25.566 GC heap before
{Heap before GC invocations=28 (full 0):
 garbage-first heap   total 178176K, used 121567K [0x0000000084800000, 0x0000000100000000)
  region size 1024K, 54 young (55296K), 2 survivors (2048K)
 Metaspace       used 70880K, committed 71424K, reserved 1114112K
  class space    used 9345K, committed 9600K, reserved 1048576K
}
Event: 25.602 GC heap after
{Heap after GC invocations=29 (full 0):
 garbage-first heap   total 178176K, used 83554K [0x0000000084800000, 0x0000000100000000)
  region size 1024K, 7 young (7168K), 7 survivors (7168K)
 Metaspace       used 70880K, committed 71424K, reserved 1114112K
  class space    used 9345K, committed 9600K, reserved 1048576K
}
Event: 25.883 GC heap before
{Heap before GC invocations=29 (full 0):
 garbage-first heap   total 178176K, used 121442K [0x0000000084800000, 0x0000000100000000)
  region size 1024K, 42 young (43008K), 7 survivors (7168K)
 Metaspace       used 70916K, committed 71488K, reserved 1114112K
  class space    used 9347K, committed 9600K, reserved 1048576K
}
Event: 25.927 GC heap after
{Heap after GC invocations=30 (full 0):
 garbage-first heap   total 178176K, used 101126K [0x0000000084800000, 0x0000000100000000)
  region size 1024K, 6 young (6144K), 6 survivors (6144K)
 Metaspace       used 70916K, committed 71488K, reserved 1114112K
  class space    used 9347K, committed 9600K, reserved 1048576K
}
Event: 27.735 GC heap before
{Heap before GC invocations=31 (full 0):
 garbage-first heap   total 178176K, used 125702K [0x0000000084800000, 0x0000000100000000)
  region size 1024K, 36 young (36864K), 6 survivors (6144K)
 Metaspace       used 72161K, committed 72704K, reserved 1114112K
  class space    used 9512K, committed 9792K, reserved 1048576K
}
Event: 27.763 GC heap after
{Heap after GC invocations=32 (full 0):
 garbage-first heap   total 178176K, used 101376K [0x0000000084800000, 0x0000000100000000)
  region size 1024K, 5 young (5120K), 5 survivors (5120K)
 Metaspace       used 72161K, committed 72704K, reserved 1114112K
  class space    used 9512K, committed 9792K, reserved 1048576K
}
Event: 28.124 GC heap before
{Heap before GC invocations=32 (full 0):
 garbage-first heap   total 178176K, used 104448K [0x0000000084800000, 0x0000000100000000)
  region size 1024K, 8 young (8192K), 5 survivors (5120K)
 Metaspace       used 72314K, committed 72832K, reserved 1114112K
  class space    used 9538K, committed 9792K, reserved 1048576K
}
Event: 28.137 GC heap after
{Heap after GC invocations=33 (full 0):
 garbage-first heap   total 178176K, used 101771K [0x0000000084800000, 0x0000000100000000)
  region size 1024K, 1 young (1024K), 1 survivors (1024K)
 Metaspace       used 72314K, committed 72832K, reserved 1114112K
  class space    used 9538K, committed 9792K, reserved 1048576K
}
Event: 30.114 GC heap before
{Heap before GC invocations=33 (full 0):
 garbage-first heap   total 178176K, used 132491K [0x0000000084800000, 0x0000000100000000)
  region size 1024K, 31 young (31744K), 1 survivors (1024K)
 Metaspace       used 74189K, committed 74688K, reserved 1114112K
  class space    used 9819K, committed 10048K, reserved 1048576K
}
Event: 30.125 GC heap after
{Heap after GC invocations=34 (full 0):
 garbage-first heap   total 318464K, used 103130K [0x0000000084800000, 0x0000000100000000)
  region size 1024K, 3 young (3072K), 3 survivors (3072K)
 Metaspace       used 74189K, committed 74688K, reserved 1114112K
  class space    used 9819K, committed 10048K, reserved 1048576K
}

